<?xml version="1.0" encoding="UTF-8"?>
<testsuite xmlns:xsi="http://www.w3.org/2001/XMLSchema-instance" xsi:noNamespaceSchemaLocation="https://maven.apache.org/surefire/maven-surefire-plugin/xsd/surefire-test-report.xsd" name="com.mkyong.BookControllerTest" time="0.788" tests="8" errors="0" skipped="0" failures="0">
  <properties>
[...]
</properties>
  <testcase name="find_allBook_OK" classname="com.mkyong.BookControllerTest" time="0.039"/>
  <testcase name="save_book_OK" classname="com.mkyong.BookControllerTest" time="0.01"/>
  <testcase name="patch_bookAuthor_OK" classname="com.mkyong.BookControllerTest" time="0.005"/>
  <testcase name="update_book_OK" classname="com.mkyong.BookControllerTest" time="0.005"/>
  <testcase name="patch_bookPrice_405" classname="com.mkyong.BookControllerTest" time="0.004"/>
  <testcase name="delete_book_OK" classname="com.mkyong.BookControllerTest" time="0.005"/>
  <testcase name="find_bookIdNotFound_404" classname="com.mkyong.BookControllerTest" time="0.003"/>
  <testcase name="find_bookId_OK" classname="com.mkyong.BookControllerTest" time="0.004"/>
</testsuite>